[20:21:43] [main/INFO]: Setting user: Player864
[20:21:44] [Client thread/INFO]: LWJGL Version: 2.9.1
[20:21:52] [Client thread/INFO]: Reloading ResourceManager: Default, FMLFileResourcePack:Forge Mod Loader, FMLFileResourcePack:Minecraft Forge, FMLFileResourcePack:ScientificmagicMod
[20:21:52] [Sound Library Loader/INFO]: Sound engine started
[20:21:54] [Client thread/INFO]: Created: 16x16 textures/blocks-atlas
[20:21:54] [Client thread/INFO]: Created: 16x16 textures/items-atlas
[20:21:54] [Client thread/INFO]: Reloading ResourceManager: Default, FMLFileResourcePack:Forge Mod Loader, FMLFileResourcePack:Minecraft Forge, FMLFileResourcePack:ScientificmagicMod
[20:21:54] [Client thread/INFO]: Created: 512x256 textures/blocks-atlas
[20:21:54] [Client thread/INFO]: Created: 256x256 textures/items-atlas
[20:21:55] [Sound Library Loader/INFO]: Sound engine started
[20:21:59] [Server thread/INFO]: Starting integrated minecraft server version 1.7.10
[20:21:59] [Server thread/INFO]: Generating keypair
[20:21:59] [Server thread/INFO]: Preparing start region for level 0
[20:22:00] [Server thread/INFO]: Changing view distance to 12, from 10
[20:22:09] [Server thread/INFO]: Stopping server
[20:22:09] [Server thread/INFO]: Saving players
[20:22:09] [Server thread/INFO]: Saving worlds
[20:22:09] [Server thread/INFO]: Saving chunks for level '新規ワールド'/Overworld
[20:22:09] [Server thread/INFO]: Saving chunks for level '新規ワールド'/Nether
[20:22:09] [Server thread/INFO]: Saving chunks for level '新規ワールド'/The End
[20:22:09] [Server thread/INFO]: Starting integrated minecraft server version 1.7.10
[20:22:09] [Server thread/INFO]: Generating keypair
[20:22:09] [Server thread/INFO]: Preparing start region for level 0
[20:22:10] [Server thread/INFO]: Changing view distance to 12, from 10
[20:22:10] [Server thread/INFO]: Player864[local:E:38ce7a6c] logged in with entity id 1268 at (12.5, 70.0, 184.5)
[20:22:10] [Server thread/INFO]: Player864 がゲームに参加しました
[20:22:11] [Server thread/INFO]: Saving and pausing game...
[20:22:11] [Server thread/INFO]: Saving chunks for level '新規ワールド'/Overworld
[20:22:11] [Server thread/INFO]: Saving chunks for level '新規ワールド'/Nether
[20:22:11] [Server thread/INFO]: Saving chunks for level '新規ワールド'/The End
[20:22:28] [Server thread/INFO]: Player864 は [所持品の確認] の実績を取得した
[20:22:28] [Client thread/INFO]: [CHAT] Player864 は [所持品の確認] の実績を取得した
[20:22:51] [Server thread/INFO]: Saving and pausing game...
[20:22:51] [Server thread/INFO]: Saving chunks for level '新規ワールド'/Overworld
[20:22:51] [Server thread/INFO]: Saving chunks for level '新規ワールド'/Nether
[20:22:51] [Server thread/INFO]: Saving chunks for level '新規ワールド'/The End
