[16:59:10] [main/INFO]: Setting user: Player707
[16:59:12] [Client thread/INFO]: LWJGL Version: 2.9.1
[16:59:19] [Client thread/INFO]: Reloading ResourceManager: Default, FMLFileResourcePack:Forge Mod Loader, FMLFileResourcePack:Minecraft Forge, FMLFileResourcePack:Scientific magic Mod
[16:59:20] [Sound Library Loader/INFO]: Sound engine started
[16:59:21] [Client thread/INFO]: Created: 16x16 textures/blocks-atlas
[16:59:21] [Client thread/INFO]: Created: 16x16 textures/items-atlas
[16:59:21] [Client thread/INFO]: Reloading ResourceManager: Default, FMLFileResourcePack:Forge Mod Loader, FMLFileResourcePack:Minecraft Forge, FMLFileResourcePack:Scientific magic Mod
[16:59:22] [Client thread/INFO]: Created: 512x256 textures/blocks-atlas
[16:59:22] [Client thread/INFO]: Created: 512x256 textures/items-atlas
[16:59:23] [Sound Library Loader/INFO]: Sound engine started
[16:59:26] [Server thread/INFO]: Starting integrated minecraft server version 1.7.10
[16:59:26] [Server thread/INFO]: Generating keypair
[16:59:26] [Server thread/INFO]: Preparing start region for level 0
[16:59:27] [Server thread/INFO]: Changing view distance to 12, from 10
[16:59:27] [Server thread/INFO]: Player707[local:E:22f011f4] logged in with entity id 418 at (215.9918960519318, 87.1361782834473, 315.701075903022)
[16:59:27] [Server thread/INFO]: Player707 がゲームに参加しました
[16:59:44] [Server thread/INFO]: Saving and pausing game...
[16:59:44] [Server thread/INFO]: Saving chunks for level 'abababa'/Overworld
[16:59:44] [Server thread/INFO]: Saving chunks for level 'abababa'/Nether
[16:59:44] [Server thread/INFO]: Saving chunks for level 'abababa'/The End
[16:59:45] [Server thread/INFO]: Saving and pausing game...
[16:59:45] [Server thread/INFO]: Saving chunks for level 'abababa'/Overworld
[16:59:45] [Server thread/INFO]: Saving chunks for level 'abababa'/Nether
[16:59:45] [Server thread/INFO]: Saving chunks for level 'abababa'/The End
[16:59:48] [Server thread/INFO]: Saving and pausing game...
[16:59:48] [Server thread/INFO]: Saving chunks for level 'abababa'/Overworld
[16:59:48] [Server thread/INFO]: Saving chunks for level 'abababa'/Nether
[16:59:48] [Server thread/INFO]: Saving chunks for level 'abababa'/The End
[17:00:07] [Server thread/INFO]: Saving and pausing game...
[17:00:07] [Server thread/INFO]: Saving chunks for level 'abababa'/Overworld
[17:00:07] [Server thread/INFO]: Saving chunks for level 'abababa'/Nether
[17:00:07] [Server thread/INFO]: Saving chunks for level 'abababa'/The End
