[19:08:08] [main/INFO]: Setting user: Player179
[19:08:09] [Client thread/INFO]: LWJGL Version: 2.9.1
[19:08:16] [Client thread/INFO]: Reloading ResourceManager: Default, FMLFileResourcePack:Forge Mod Loader, FMLFileResourcePack:Minecraft Forge, FMLFileResourcePack:Scientific magic Mod
[19:08:17] [Sound Library Loader/INFO]: Sound engine started
[19:08:17] [Client thread/INFO]: Created: 16x16 textures/blocks-atlas
[19:08:17] [Client thread/INFO]: Created: 16x16 textures/items-atlas
[19:08:18] [Client thread/INFO]: Reloading ResourceManager: Default, FMLFileResourcePack:Forge Mod Loader, FMLFileResourcePack:Minecraft Forge, FMLFileResourcePack:Scientific magic Mod
[19:08:18] [Client thread/INFO]: Created: 512x256 textures/blocks-atlas
[19:08:18] [Client thread/INFO]: Created: 512x256 textures/items-atlas
[19:08:19] [Sound Library Loader/INFO]: Sound engine started
[19:08:22] [Server thread/INFO]: Starting integrated minecraft server version 1.7.10
[19:08:22] [Server thread/INFO]: Generating keypair
[19:08:22] [Server thread/INFO]: Preparing start region for level 0
[19:08:23] [Server thread/INFO]: Changing view distance to 12, from 10
[19:08:23] [Server thread/INFO]: Player179[local:E:e24ecd86] logged in with entity id 430 at (341.3754161505214, 65.93129192405615, 392.3112590902357)
[19:08:23] [Server thread/INFO]: Player179 がゲームに参加しました
[19:08:26] [Client thread/WARN]: Failed to load texture: minecraft:textures/item/DeathScythe.png
java.io.FileNotFoundException: minecraft:textures/item/DeathScythe.png
	at net.minecraft.client.resources.FallbackResourceManager.getResource(FallbackResourceManager.java:65) ~[FallbackResourceManager.class:?]
	at net.minecraft.client.resources.SimpleReloadableResourceManager.getResource(SimpleReloadableResourceManager.java:67) ~[SimpleReloadableResourceManager.class:?]
	at net.minecraft.client.renderer.texture.SimpleTexture.loadTexture(SimpleTexture.java:35) ~[SimpleTexture.class:?]
	at net.minecraft.client.renderer.texture.TextureManager.loadTexture(TextureManager.java:89) [TextureManager.class:?]
	at net.minecraft.client.renderer.texture.TextureManager.bindTexture(TextureManager.java:45) [TextureManager.class:?]
	at net.minecraft.client.renderer.entity.Render.bindTexture(Render.java:60) [Render.class:?]
	at net.minecraft.client.renderer.entity.Render.bindEntityTexture(Render.java:55) [Render.class:?]
	at com.yuto.Scientificmagicmod.ScytheRender.renderArrow(ScytheRender.java:25) [ScytheRender.class:?]
	at com.yuto.Scientificmagicmod.ScytheRender.doRender(ScytheRender.java:41) [ScytheRender.class:?]
	at net.minecraft.client.renderer.entity.RenderManager.func_147939_a(RenderManager.java:300) [RenderManager.class:?]
	at net.minecraft.client.renderer.entity.RenderManager.renderEntityStatic(RenderManager.java:278) [RenderManager.class:?]
	at net.minecraft.client.renderer.entity.RenderManager.renderEntitySimple(RenderManager.java:251) [RenderManager.class:?]
	at net.minecraft.client.renderer.RenderGlobal.renderEntities(RenderGlobal.java:527) [RenderGlobal.class:?]
	at net.minecraft.client.renderer.EntityRenderer.renderWorld(EntityRenderer.java:1300) [EntityRenderer.class:?]
	at net.minecraft.client.renderer.EntityRenderer.updateCameraAndRender(EntityRenderer.java:1087) [EntityRenderer.class:?]
	at net.minecraft.client.Minecraft.runGameLoop(Minecraft.java:1067) [Minecraft.class:?]
	at net.minecraft.client.Minecraft.run(Minecraft.java:962) [Minecraft.class:?]
	at net.minecraft.client.main.Main.main(Main.java:164) [Main.class:?]
	at sun.reflect.NativeMethodAccessorImpl.invoke0(Native Method) ~[?:1.8.0_112]
	at sun.reflect.NativeMethodAccessorImpl.invoke(NativeMethodAccessorImpl.java:62) ~[?:1.8.0_112]
	at sun.reflect.DelegatingMethodAccessorImpl.invoke(DelegatingMethodAccessorImpl.java:43) ~[?:1.8.0_112]
	at java.lang.reflect.Method.invoke(Method.java:498) ~[?:1.8.0_112]
	at net.minecraft.launchwrapper.Launch.launch(Launch.java:135) [launchwrapper-1.12.jar:?]
	at net.minecraft.launchwrapper.Launch.main(Launch.java:28) [launchwrapper-1.12.jar:?]
	at net.minecraftforge.gradle.GradleStartCommon.launch(Unknown Source) [start/:?]
	at GradleStart.main(Unknown Source) [start/:?]
[19:08:27] [Server thread/INFO]: Stopping server
[19:08:27] [Server thread/INFO]: Saving players
[19:08:27] [Server thread/INFO]: Saving worlds
[19:08:27] [Server thread/INFO]: Saving chunks for level 'abababa'/Overworld
[19:08:27] [Server thread/INFO]: Saving chunks for level 'abababa'/Nether
[19:08:27] [Server thread/INFO]: Saving chunks for level 'abababa'/The End
[19:08:28] [Client thread/FATAL]: Reported exception thrown!
net.minecraft.util.ReportedException: Rendering entity in world
	at net.minecraft.client.renderer.entity.RenderManager.func_147939_a(RenderManager.java:346) ~[RenderManager.class:?]
	at net.minecraft.client.renderer.entity.RenderManager.renderEntityStatic(RenderManager.java:278) ~[RenderManager.class:?]
	at net.minecraft.client.renderer.entity.RenderManager.renderEntitySimple(RenderManager.java:251) ~[RenderManager.class:?]
	at net.minecraft.client.renderer.RenderGlobal.renderEntities(RenderGlobal.java:527) ~[RenderGlobal.class:?]
	at net.minecraft.client.renderer.EntityRenderer.renderWorld(EntityRenderer.java:1300) ~[EntityRenderer.class:?]
	at net.minecraft.client.renderer.EntityRenderer.updateCameraAndRender(EntityRenderer.java:1087) ~[EntityRenderer.class:?]
	at net.minecraft.client.Minecraft.runGameLoop(Minecraft.java:1067) ~[Minecraft.class:?]
	at net.minecraft.client.Minecraft.run(Minecraft.java:962) [Minecraft.class:?]
	at net.minecraft.client.main.Main.main(Main.java:164) [Main.class:?]
	at sun.reflect.NativeMethodAccessorImpl.invoke0(Native Method) ~[?:1.8.0_112]
	at sun.reflect.NativeMethodAccessorImpl.invoke(NativeMethodAccessorImpl.java:62) ~[?:1.8.0_112]
	at sun.reflect.DelegatingMethodAccessorImpl.invoke(DelegatingMethodAccessorImpl.java:43) ~[?:1.8.0_112]
	at java.lang.reflect.Method.invoke(Method.java:498) ~[?:1.8.0_112]
	at net.minecraft.launchwrapper.Launch.launch(Launch.java:135) [launchwrapper-1.12.jar:?]
	at net.minecraft.launchwrapper.Launch.main(Launch.java:28) [launchwrapper-1.12.jar:?]
	at net.minecraftforge.gradle.GradleStartCommon.launch(Unknown Source) [start/:?]
	at GradleStart.main(Unknown Source) [start/:?]
Caused by: java.lang.NullPointerException
	at com.yuto.Scientificmagicmod.ScytheRender.renderArrow(ScytheRender.java:26) ~[ScytheRender.class:?]
	at com.yuto.Scientificmagicmod.ScytheRender.doRender(ScytheRender.java:41) ~[ScytheRender.class:?]
	at net.minecraft.client.renderer.entity.RenderManager.func_147939_a(RenderManager.java:300) ~[RenderManager.class:?]
	... 16 more
